<?xml version="1.0" encoding="UTF-8"?>
<testsuite name="com.mutants.adn.entrypoint.MutantControllerTest" tests="2" skipped="0" failures="0" errors="0" timestamp="2022-03-10T18:39:46" hostname="PSOFKA0386" time="0.176">
  <properties/>
  <testcase name="is_Mutant()" classname="com.mutants.adn.entrypoint.MutantControllerTest" time="0.165"/>
  <testcase name="is_Not_Mutant()" classname="com.mutants.adn.entrypoint.MutantControllerTest" time="0.009"/>
  <system-out><![CDATA[13:39:43.947 [Test worker] DEBUG org.springframework.test.context.BootstrapUtils - Instantiating CacheAwareContextLoaderDelegate from class [org.springframework.test.context.cache.DefaultCacheAwareContextLoaderDelegate]
13:39:43.953 [Test worker] DEBUG org.springframework.test.context.BootstrapUtils - Instantiating BootstrapContext using constructor [public org.springframework.test.context.support.DefaultBootstrapContext(java.lang.Class,org.springframework.test.context.CacheAwareContextLoaderDelegate)]
13:39:43.984 [Test worker] DEBUG org.springframework.test.context.BootstrapUtils - Instantiating TestContextBootstrapper for test class [com.mutants.adn.entrypoint.MutantControllerTest] from class [org.springframework.boot.test.autoconfigure.web.servlet.WebMvcTestContextBootstrapper]
13:39:43.994 [Test worker] INFO org.springframework.boot.test.autoconfigure.web.servlet.WebMvcTestContextBootstrapper - Neither @ContextConfiguration nor @ContextHierarchy found for test class [com.mutants.adn.entrypoint.MutantControllerTest], using SpringBootContextLoader
13:39:43.997 [Test worker] DEBUG org.springframework.test.context.support.AbstractContextLoader - Did not detect default resource location for test class [com.mutants.adn.entrypoint.MutantControllerTest]: class path resource [com/mutants/adn/entrypoint/MutantControllerTest-context.xml] does not exist
13:39:43.997 [Test worker] DEBUG org.springframework.test.context.support.AbstractContextLoader - Did not detect default resource location for test class [com.mutants.adn.entrypoint.MutantControllerTest]: class path resource [com/mutants/adn/entrypoint/MutantControllerTestContext.groovy] does not exist
13:39:43.998 [Test worker] INFO org.springframework.test.context.support.AbstractContextLoader - Could not detect default resource locations for test class [com.mutants.adn.entrypoint.MutantControllerTest]: no resource found for suffixes {-context.xml, Context.groovy}.
13:39:43.998 [Test worker] INFO org.springframework.test.context.support.AnnotationConfigContextLoaderUtils - Could not detect default configuration classes for test class [com.mutants.adn.entrypoint.MutantControllerTest]: MutantControllerTest does not declare any static, non-private, non-final, nested classes annotated with @Configuration.
13:39:44.060 [Test worker] DEBUG org.springframework.test.context.support.ActiveProfilesUtils - Could not find an 'annotation declaring class' for annotation type [org.springframework.test.context.ActiveProfiles] and class [com.mutants.adn.entrypoint.MutantControllerTest]
13:39:44.121 [Test worker] DEBUG org.springframework.context.annotation.ClassPathScanningCandidateComponentProvider - Identified candidate component class: file [D:\Downloads\adn\build\classes\java\main\com\mutants\adn\AdnApplication.class]
13:39:44.123 [Test worker] INFO org.springframework.boot.test.context.SpringBootTestContextBootstrapper - Found @SpringBootConfiguration com.mutants.adn.AdnApplication for test class com.mutants.adn.entrypoint.MutantControllerTest
13:39:44.127 [Test worker] DEBUG org.springframework.boot.test.autoconfigure.web.servlet.WebMvcTestContextBootstrapper - @TestExecutionListeners is not present for class [com.mutants.adn.entrypoint.MutantControllerTest]: using defaults.
13:39:44.128 [Test worker] INFO org.springframework.boot.test.autoconfigure.web.servlet.WebMvcTestContextBootstrapper - Loaded default TestExecutionListener class names from location [META-INF/spring.factories]: [org.springframework.boot.test.autoconfigure.restdocs.RestDocsTestExecutionListener, org.springframework.boot.test.autoconfigure.web.client.MockRestServiceServerResetTestExecutionListener, org.springframework.boot.test.autoconfigure.web.servlet.MockMvcPrintOnlyOnFailureTestExecutionListener, org.springframework.boot.test.autoconfigure.web.servlet.WebDriverTestExecutionListener, org.springframework.boot.test.autoconfigure.webservices.client.MockWebServiceServerTestExecutionListener, org.springframework.boot.test.mock.mockito.MockitoTestExecutionListener, org.springframework.boot.test.mock.mockito.ResetMocksTestExecutionListener, org.springframework.test.context.web.ServletTestExecutionListener, org.springframework.test.context.support.DirtiesContextBeforeModesTestExecutionListener, org.springframework.test.context.event.ApplicationEventsTestExecutionListener, org.springframework.test.context.support.DependencyInjectionTestExecutionListener, org.springframework.test.context.support.DirtiesContextTestExecutionListener, org.springframework.test.context.transaction.TransactionalTestExecutionListener, org.springframework.test.context.jdbc.SqlScriptsTestExecutionListener, org.springframework.test.context.event.EventPublishingTestExecutionListener]
13:39:44.150 [Test worker] INFO org.springframework.boot.test.autoconfigure.web.servlet.WebMvcTestContextBootstrapper - Using TestExecutionListeners: [org.springframework.test.context.web.ServletTestExecutionListener@39fa8ad2, org.springframework.test.context.support.DirtiesContextBeforeModesTestExecutionListener@76ddd61a, org.springframework.test.context.event.ApplicationEventsTestExecutionListener@3f92a84e, org.springframework.boot.test.mock.mockito.MockitoTestExecutionListener@cf67838, org.springframework.boot.test.autoconfigure.SpringBootDependencyInjectionTestExecutionListener@6137cf6e, org.springframework.test.context.support.DirtiesContextTestExecutionListener@7942a854, org.springframework.test.context.transaction.TransactionalTestExecutionListener@53b8afea, org.springframework.test.context.jdbc.SqlScriptsTestExecutionListener@6c302a1d, org.springframework.test.context.event.EventPublishingTestExecutionListener@33a3c44a, org.springframework.boot.test.autoconfigure.restdocs.RestDocsTestExecutionListener@5fcfca62, org.springframework.boot.test.autoconfigure.web.client.MockRestServiceServerResetTestExecutionListener@499ef98e, org.springframework.boot.test.autoconfigure.web.servlet.MockMvcPrintOnlyOnFailureTestExecutionListener@24934262, org.springframework.boot.test.autoconfigure.web.servlet.WebDriverTestExecutionListener@93f432e, org.springframework.boot.test.autoconfigure.webservices.client.MockWebServiceServerTestExecutionListener@288214b1, org.springframework.boot.test.mock.mockito.ResetMocksTestExecutionListener@16eedaa6]
13:39:44.153 [Test worker] DEBUG org.springframework.test.context.support.AbstractDirtiesContextTestExecutionListener - Before test class: context [DefaultTestContext@2cfa2c4f testClass = MutantControllerTest, testInstance = [null], testMethod = [null], testException = [null], mergedContextConfiguration = [WebMergedContextConfiguration@6ecab872 testClass = MutantControllerTest, locations = '{}', classes = '{class com.mutants.adn.AdnApplication}', contextInitializerClasses = '[]', activeProfiles = '{}', propertySourceLocations = '{}', propertySourceProperties = '{org.springframework.boot.test.autoconfigure.web.servlet.WebMvcTestContextBootstrapper=true}', contextCustomizers = set[org.springframework.boot.test.autoconfigure.OverrideAutoConfigurationContextCustomizerFactory$DisableAutoConfigurationContextCustomizer@51351f28, org.springframework.boot.test.autoconfigure.actuate.metrics.MetricsExportContextCustomizerFactory$DisableMetricExportContextCustomizer@604b1e1d, org.springframework.boot.test.autoconfigure.filter.TypeExcludeFiltersContextCustomizer@51fd9707, org.springframework.boot.test.autoconfigure.properties.PropertyMappingContextCustomizer@d47039c5, org.springframework.boot.test.autoconfigure.web.servlet.WebDriverContextCustomizerFactory$Customizer@50a691d3, [ImportsContextCustomizer@48eb9836 key = [org.springframework.boot.autoconfigure.cache.CacheAutoConfiguration, org.springframework.boot.autoconfigure.context.MessageSourceAutoConfiguration, org.springframework.boot.autoconfigure.data.web.SpringDataWebAutoConfiguration, org.springframework.boot.autoconfigure.freemarker.FreeMarkerAutoConfiguration, org.springframework.boot.autoconfigure.groovy.template.GroovyTemplateAutoConfiguration, org.springframework.boot.autoconfigure.gson.GsonAutoConfiguration, org.springframework.boot.autoconfigure.hateoas.HypermediaAutoConfiguration, org.springframework.boot.autoconfigure.http.HttpMessageConvertersAutoConfiguration, org.springframework.boot.autoconfigure.jackson.JacksonAutoConfiguration, org.springframework.boot.autoconfigure.jsonb.JsonbAutoConfiguration, org.springframework.boot.autoconfigure.mustache.MustacheAutoConfiguration, org.springframework.boot.autoconfigure.task.TaskExecutionAutoConfiguration, org.springframework.boot.autoconfigure.thymeleaf.ThymeleafAutoConfiguration, org.springframework.boot.autoconfigure.validation.ValidationAutoConfiguration, org.springframework.boot.autoconfigure.web.servlet.error.ErrorMvcAutoConfiguration, org.springframework.boot.autoconfigure.web.servlet.HttpEncodingAutoConfiguration, org.springframework.boot.autoconfigure.web.servlet.WebMvcAutoConfiguration, org.springframework.boot.test.autoconfigure.web.servlet.MockMvcAutoConfiguration, org.springframework.boot.test.autoconfigure.web.servlet.MockMvcWebClientAutoConfiguration, org.springframework.boot.test.autoconfigure.web.servlet.MockMvcWebDriverAutoConfiguration, org.springframework.boot.autoconfigure.security.oauth2.client.servlet.OAuth2ClientAutoConfiguration, org.springframework.boot.autoconfigure.security.oauth2.resource.servlet.OAuth2ResourceServerAutoConfiguration, org.springframework.boot.autoconfigure.security.servlet.SecurityAutoConfiguration, org.springframework.boot.autoconfigure.security.servlet.SecurityFilterAutoConfiguration, org.springframework.boot.autoconfigure.security.servlet.UserDetailsServiceAutoConfiguration, org.springframework.boot.test.autoconfigure.web.servlet.MockMvcSecurityConfiguration, org.springframework.boot.test.autoconfigure.web.reactive.WebTestClientAutoConfiguration]], org.springframework.boot.test.context.filter.ExcludeFilterContextCustomizer@3491e86e, org.springframework.boot.test.json.DuplicateJsonObjectContextCustomizerFactory$DuplicateJsonObjectContextCustomizer@19b047fe, org.springframework.boot.test.mock.mockito.MockitoContextCustomizer@c01ac3e6, org.springframework.boot.test.context.SpringBootTestArgs@1, org.springframework.boot.test.context.SpringBootTestWebEnvironment@0], resourceBasePath = 'src/main/webapp', contextLoader = 'org.springframework.boot.test.context.SpringBootContextLoader', parent = [null]], attributes = map[[empty]]], class annotated with @DirtiesContext [false] with mode [null].

  .   ____          _            __ _ _
 /\\ / ___'_ __ _ _(_)_ __  __ _ \ \ \ \
( ( )\___ | '_ | '_| | '_ \/ _` | \ \ \ \
 \\/  ___)| |_)| | | | | || (_| |  ) ) ) )
  '  |____| .__|_| |_|_| |_\__, | / / / /
 =========|_|==============|___/=/_/_/_/
 :: Spring Boot ::                (v2.6.4)

2022-03-10 13:39:44.676  INFO 22520 --- [    Test worker] c.m.adn.entrypoint.MutantControllerTest  : Starting MutantControllerTest using Java 13.0.2 on PSOFKA0386 with PID 22520 (started by junior.sierra in D:\Downloads\adn)
2022-03-10 13:39:44.678  INFO 22520 --- [    Test worker] c.m.adn.entrypoint.MutantControllerTest  : No active profile set, falling back to 1 default profile: "default"
2022-03-10 13:39:46.049  INFO 22520 --- [    Test worker] o.s.b.t.m.w.SpringBootMockServletContext : Initializing Spring TestDispatcherServlet ''
2022-03-10 13:39:46.049  INFO 22520 --- [    Test worker] o.s.t.web.servlet.TestDispatcherServlet  : Initializing Servlet ''
2022-03-10 13:39:46.051  INFO 22520 --- [    Test worker] o.s.t.web.servlet.TestDispatcherServlet  : Completed initialization in 2 ms
2022-03-10 13:39:46.081  INFO 22520 --- [    Test worker] c.m.adn.entrypoint.MutantControllerTest  : Started MutantControllerTest in 1.874 seconds (JVM running for 3.946)
]]></system-out>
  <system-err><![CDATA[]]></system-err>
</testsuite>
