<?xml version="1.0" encoding="UTF-8"?>
<testsuite name="com.mutants.adn.entrypoint.StatsControllerTest" tests="3" skipped="0" failures="0" errors="0" timestamp="2022-03-10T18:39:46" hostname="PSOFKA0386" time="0.081">
  <properties/>
  <testcase name="[1] totalMutants=40, totalHumans=100, ratio=0.4" classname="com.mutants.adn.entrypoint.StatsControllerTest" time="0.065"/>
  <testcase name="[2] totalMutants=10, totalHumans=10, ratio=1" classname="com.mutants.adn.entrypoint.StatsControllerTest" time="0.006"/>
  <testcase name="[3] totalMutants=4, totalHumans=2, ratio=2" classname="com.mutants.adn.entrypoint.StatsControllerTest" time="0.006"/>
  <system-out><![CDATA[2022-03-10 13:39:46.275  INFO 22520 --- [    Test worker] .b.t.a.w.s.WebMvcTestContextBootstrapper : Neither @ContextConfiguration nor @ContextHierarchy found for test class [com.mutants.adn.entrypoint.StatsControllerTest], using SpringBootContextLoader
2022-03-10 13:39:46.276  INFO 22520 --- [    Test worker] o.s.t.c.support.AbstractContextLoader    : Could not detect default resource locations for test class [com.mutants.adn.entrypoint.StatsControllerTest]: no resource found for suffixes {-context.xml, Context.groovy}.
2022-03-10 13:39:46.276  INFO 22520 --- [    Test worker] t.c.s.AnnotationConfigContextLoaderUtils : Could not detect default configuration classes for test class [com.mutants.adn.entrypoint.StatsControllerTest]: StatsControllerTest does not declare any static, non-private, non-final, nested classes annotated with @Configuration.
2022-03-10 13:39:46.281  INFO 22520 --- [    Test worker] .b.t.c.SpringBootTestContextBootstrapper : Found @SpringBootConfiguration com.mutants.adn.AdnApplication for test class com.mutants.adn.entrypoint.StatsControllerTest
2022-03-10 13:39:46.282  INFO 22520 --- [    Test worker] .b.t.a.w.s.WebMvcTestContextBootstrapper : Loaded default TestExecutionListener class names from location [META-INF/spring.factories]: [org.springframework.boot.test.autoconfigure.restdocs.RestDocsTestExecutionListener, org.springframework.boot.test.autoconfigure.web.client.MockRestServiceServerResetTestExecutionListener, org.springframework.boot.test.autoconfigure.web.servlet.MockMvcPrintOnlyOnFailureTestExecutionListener, org.springframework.boot.test.autoconfigure.web.servlet.WebDriverTestExecutionListener, org.springframework.boot.test.autoconfigure.webservices.client.MockWebServiceServerTestExecutionListener, org.springframework.boot.test.mock.mockito.MockitoTestExecutionListener, org.springframework.boot.test.mock.mockito.ResetMocksTestExecutionListener, org.springframework.test.context.web.ServletTestExecutionListener, org.springframework.test.context.support.DirtiesContextBeforeModesTestExecutionListener, org.springframework.test.context.event.ApplicationEventsTestExecutionListener, org.springframework.test.context.support.DependencyInjectionTestExecutionListener, org.springframework.test.context.support.DirtiesContextTestExecutionListener, org.springframework.test.context.transaction.TransactionalTestExecutionListener, org.springframework.test.context.jdbc.SqlScriptsTestExecutionListener, org.springframework.test.context.event.EventPublishingTestExecutionListener]
2022-03-10 13:39:46.283  INFO 22520 --- [    Test worker] .b.t.a.w.s.WebMvcTestContextBootstrapper : Using TestExecutionListeners: [org.springframework.test.context.web.ServletTestExecutionListener@7de6549d, org.springframework.test.context.support.DirtiesContextBeforeModesTestExecutionListener@12214f2f, org.springframework.test.context.event.ApplicationEventsTestExecutionListener@756c67cd, org.springframework.boot.test.mock.mockito.MockitoTestExecutionListener@50de907a, org.springframework.boot.test.autoconfigure.SpringBootDependencyInjectionTestExecutionListener@1fd37440, org.springframework.test.context.support.DirtiesContextTestExecutionListener@79308a2, org.springframework.test.context.transaction.TransactionalTestExecutionListener@11574592, org.springframework.test.context.jdbc.SqlScriptsTestExecutionListener@352e5a82, org.springframework.test.context.event.EventPublishingTestExecutionListener@315b5913, org.springframework.boot.test.autoconfigure.restdocs.RestDocsTestExecutionListener@2e929182, org.springframework.boot.test.autoconfigure.web.client.MockRestServiceServerResetTestExecutionListener@5423a17, org.springframework.boot.test.autoconfigure.web.servlet.MockMvcPrintOnlyOnFailureTestExecutionListener@42ff9a77, org.springframework.boot.test.autoconfigure.web.servlet.WebDriverTestExecutionListener@2987d0fa, org.springframework.boot.test.autoconfigure.webservices.client.MockWebServiceServerTestExecutionListener@13234ac9, org.springframework.boot.test.mock.mockito.ResetMocksTestExecutionListener@7254838]

  .   ____          _            __ _ _
 /\\ / ___'_ __ _ _(_)_ __  __ _ \ \ \ \
( ( )\___ | '_ | '_| | '_ \/ _` | \ \ \ \
 \\/  ___)| |_)| | | | | || (_| |  ) ) ) )
  '  |____| .__|_| |_|_| |_\__, | / / / /
 =========|_|==============|___/=/_/_/_/
 :: Spring Boot ::                (v2.6.4)

2022-03-10 13:39:46.322  INFO 22520 --- [    Test worker] c.m.adn.entrypoint.StatsControllerTest   : Starting StatsControllerTest using Java 13.0.2 on PSOFKA0386 with PID 22520 (started by junior.sierra in D:\Downloads\adn)
2022-03-10 13:39:46.322  INFO 22520 --- [    Test worker] c.m.adn.entrypoint.StatsControllerTest   : No active profile set, falling back to 1 default profile: "default"
2022-03-10 13:39:46.796  INFO 22520 --- [    Test worker] o.s.b.t.m.w.SpringBootMockServletContext : Initializing Spring TestDispatcherServlet ''
2022-03-10 13:39:46.797  INFO 22520 --- [    Test worker] o.s.t.web.servlet.TestDispatcherServlet  : Initializing Servlet ''
2022-03-10 13:39:46.798  INFO 22520 --- [    Test worker] o.s.t.web.servlet.TestDispatcherServlet  : Completed initialization in 0 ms
2022-03-10 13:39:46.815  INFO 22520 --- [    Test worker] c.m.adn.entrypoint.StatsControllerTest   : Started StatsControllerTest in 0.526 seconds (JVM running for 4.68)
]]></system-out>
  <system-err><![CDATA[]]></system-err>
</testsuite>
