<?xml version="1.0" encoding="UTF-8"?>
<testsuite name="com.mutants.adn.domain.service.MutantServiceTest" tests="4" skipped="0" failures="0" errors="0" timestamp="2022-03-12T23:17:39" hostname="PSOFKA0338" time="2.549">
  <properties/>
  <testcase name="dna is valid and is not mutant" classname="com.mutants.adn.domain.service.MutantServiceTest" time="2.506"/>
  <testcase name="dna is not valid" classname="com.mutants.adn.domain.service.MutantServiceTest" time="0.01"/>
  <testcase name="dna is valid and is mutant" classname="com.mutants.adn.domain.service.MutantServiceTest" time="0.016"/>
  <testcase name="dna previously validated" classname="com.mutants.adn.domain.service.MutantServiceTest" time="0.012"/>
  <system-out><![CDATA[18:17:42.060 [Test worker] INFO com.mutants.adn.domain.service.MutantService - Start MutantService.isMutant(dna=[ATGCGA, CAGTGC, TTATTT, AGACGG, GCGTCA, TCACTG])
18:17:42.078 [Test worker] INFO com.mutants.adn.domain.service.MutantService - validating DNAChain...
18:17:42.083 [Test worker] INFO com.mutants.adn.domain.service.MutantService - DNA isValid
18:17:42.097 [Test worker] INFO com.mutants.adn.domain.service.MutantService - Start getDnaChains
18:17:42.099 [Test worker] INFO com.mutants.adn.domain.service.MutantService - Start countMatchMutantSequence
18:17:42.102 [Test worker] INFO com.mutants.adn.domain.service.MutantService - After validate DNA isMutant=false
18:17:42.157 [Test worker] INFO com.mutants.adn.domain.service.MutantService - Start MutantService.isMutant(dna=[XVBM, CAG, TTAT, AGAG, CCCC, TG])
18:17:42.158 [Test worker] INFO com.mutants.adn.domain.service.MutantService - validating DNAChain...
18:17:42.166 [Test worker] INFO com.mutants.adn.domain.service.MutantService - Start MutantService.isMutant(dna=[ATGCGA, CAGTGC, TTATGT, AGAAGG, CCCCTA, TCACTG])
18:17:42.166 [Test worker] INFO com.mutants.adn.domain.service.MutantService - validating DNAChain...
18:17:42.167 [Test worker] INFO com.mutants.adn.domain.service.MutantService - DNA isValid
18:17:42.169 [Test worker] INFO com.mutants.adn.domain.service.MutantService - Start getDnaChains
18:17:42.170 [Test worker] INFO com.mutants.adn.domain.service.MutantService - Start countMatchMutantSequence
18:17:42.173 [Test worker] INFO com.mutants.adn.domain.service.MutantService - After validate DNA isMutant=true
18:17:42.183 [Test worker] INFO com.mutants.adn.domain.service.MutantService - Start MutantService.isMutant(dna=[ATGCGA, CAGTGC, TTATGT, AGAAGG, CCCCTA, TCACTG])
18:17:42.183 [Test worker] INFO com.mutants.adn.domain.service.MutantService - validating DNAChain...
18:17:42.186 [Test worker] INFO com.mutants.adn.domain.service.MutantService - DNA isValid
18:17:42.188 [Test worker] INFO com.mutants.adn.domain.service.MutantService - DNA chain has already been previously validated
]]></system-out>
  <system-err><![CDATA[]]></system-err>
</testsuite>
